2020-02-17 13:50:35,869 demo.py[line:18] INFO 进入登录页面，输入手机号码
2020-02-17 13:50:36,512 BaseOperation.py[line:64] INFO 元素不存在
2020-02-17 13:52:12,692 demo.py[line:18] INFO 进入登录页面，输入手机号码
2020-02-17 13:52:33,222 BaseOperation.py[line:33] INFO 查找元素超时
2020-02-17 14:00:36,655 demo.py[line:18] INFO 进入登录页面，输入手机号码
2020-02-17 14:00:56,971 BaseOperation.py[line:33] INFO 查找元素超时
2020-02-17 14:00:57,457 BaseOperation.py[line:194] INFO 保存截图成功
2020-02-17 14:05:04,605 demo.py[line:18] INFO 进入登录页面，输入手机号码
2020-02-17 14:05:24,850 BaseOperation.py[line:33] INFO 查找元素超时
2020-02-17 14:05:25,300 BaseOperation.py[line:195] INFO 保存截图成功
2020-02-17 14:09:56,407 demo.py[line:18] INFO 进入登录页面，输入手机号码
2020-02-17 14:10:16,891 BaseOperation.py[line:33] INFO 查找元素超时
2020-02-17 14:10:17,264 BaseOperation.py[line:196] INFO 保存截图成功
2020-02-17 14:13:20,336 demo.py[line:18] INFO 进入登录页面，输入手机号码
2020-02-17 14:13:41,077 BaseOperation.py[line:33] INFO 查找元素超时
2020-02-17 14:13:41,428 BaseOperation.py[line:196] INFO 保存截图成功
2020-02-17 14:15:15,465 demo.py[line:18] INFO 进入登录页面，输入手机号码
2020-02-17 14:15:35,722 BaseOperation.py[line:33] INFO 查找元素超时
2020-02-17 14:15:36,146 BaseOperation.py[line:196] INFO 保存截图成功
2020-02-17 14:17:25,205 demo.py[line:18] INFO 进入登录页面，输入手机号码
2020-02-17 14:17:40,795 BaseOperation.py[line:33] INFO 查找元素超时
2020-02-17 14:17:41,134 BaseOperation.py[line:195] INFO 保存截图成功
2020-02-17 14:18:59,822 demo.py[line:18] INFO 进入登录页面，输入手机号码
2020-02-17 14:19:15,081 BaseOperation.py[line:33] INFO 查找元素超时
2020-02-17 14:19:15,481 BaseOperation.py[line:196] INFO 保存截图成功
2020-02-17 14:19:52,197 demo.py[line:18] INFO 进入登录页面，输入手机号码
2020-02-17 14:20:08,009 BaseOperation.py[line:33] INFO 查找元素超时
2020-02-17 14:20:08,334 BaseOperation.py[line:196] INFO 保存截图成功
2020-02-17 14:23:19,599 demo.py[line:18] INFO 进入登录页面，输入手机号码
2020-02-17 14:24:10,220 demo.py[line:18] INFO 进入登录页面，输入手机号码
2020-02-17 14:24:25,502 BaseOperation.py[line:34] INFO 查找元素超时
2020-02-17 14:25:18,358 demo.py[line:18] INFO 进入登录页面，输入手机号码
2020-02-18 09:53:46,791 demo.py[line:18] INFO 进入登录页面，输入手机号码
2020-02-18 09:54:02,430 BaseOperation.py[line:34] INFO 查找元素超时
2020-02-18 09:57:47,930 demo.py[line:18] INFO 进入登录页面，输入手机号码
2020-02-18 09:58:03,926 BaseOperation.py[line:35] INFO 查找元素超时
2020-02-18 10:00:43,390 demo.py[line:18] INFO 进入登录页面，输入手机号码
2020-02-18 10:00:59,015 BaseOperation.py[line:35] INFO 查找元素超时
2020-02-18 10:03:54,755 demo.py[line:18] INFO 进入登录页面，输入手机号码
2020-02-18 10:04:10,743 BaseOperation.py[line:36] INFO 查找元素超时
2020-02-18 10:06:04,180 demo.py[line:18] INFO 进入登录页面，输入手机号码
2020-02-18 10:06:19,563 BaseOperation.py[line:38] INFO 查找元素超时
2020-02-18 10:27:05,652 demo.py[line:18] INFO 进入登录页面，输入手机号码
2020-02-18 10:27:20,955 BaseOperation.py[line:38] INFO 查找元素超时
2020-02-18 10:28:52,339 demo.py[line:18] INFO 进入登录页面，输入手机号码
2020-02-18 10:29:08,043 BaseOperation.py[line:38] INFO 查找元素超时
2020-02-19 10:17:08,415 demo.py[line:20] INFO 进入登录页面，输入手机号码
2020-02-19 10:17:23,896 BaseOperation.py[line:37] INFO 查找元素超时
2020-02-19 15:21:15,872 BaseOperation.py[line:63] INFO 元素控件不存在
2020-02-19 15:22:12,293 demo.py[line:20] INFO 进入登录页面，输入手机号码
2020-02-19 15:24:13,701 demo.py[line:20] INFO 进入登录页面，输入手机号码
2020-02-19 15:24:29,067 BaseOperation.py[line:37] INFO 查找元素超时
2020-02-19 15:44:16,528 BaseOperation.py[line:63] INFO 元素控件不存在
2020-02-19 15:45:14,978 demo.py[line:20] INFO 进入登录页面，输入手机号码
2020-02-19 16:03:23,934 run.py[line:21] INFO start run test case...
2020-02-19 16:03:49,993 BaseOperation.py[line:63] INFO 元素控件不存在
2020-02-21 14:31:10,873 demo.py[line:20] INFO 进入登录页面，输入手机号码
2020-02-21 14:31:17,019 demo.py[line:22] INFO success
2020-02-21 14:31:34,349 run.py[line:21] INFO start run test case...
2020-02-21 14:31:58,362 demo.py[line:20] INFO 进入登录页面，输入手机号码
2020-02-21 14:32:03,833 demo.py[line:25] ERROR fail('Connection aborted.', RemoteDisconnected('Remote end closed connection without response',))
2020-02-21 14:33:20,228 run.py[line:21] INFO start run test case...
2020-02-21 14:33:47,099 demo.py[line:20] INFO 进入登录页面，输入手机号码
2020-02-21 14:33:53,138 demo.py[line:22] INFO success
2020-02-25 14:10:01,215 BaseOperation.py[line:63] INFO 元素控件不存在
2020-02-25 14:10:03,651 demo.py[line:25] ERROR fail'NoneType' object has no attribute 'click'
2020-02-25 14:24:06,545 BaseOperation.py[line:63] INFO 元素控件不存在
2020-02-25 14:24:09,744 demo.py[line:25] ERROR fail'NoneType' object has no attribute 'click'
2020-02-26 15:32:02,383 run.py[line:29] INFO start run test case...
2020-02-26 15:32:49,190 BaseOperation.py[line:63] INFO 元素控件不存在
2020-02-26 15:32:54,821 demo.py[line:25] ERROR fail'NoneType' object has no attribute 'click'
2020-02-26 15:33:03,585 email.py[line:26] INFO 测试任务完成，编写邮件中...
2020-02-26 15:33:03,586 email.py[line:80] INFO 邮件发送失败！No section: 'Emailer'
2020-02-26 15:38:08,003 run.py[line:29] INFO start run test case...
2020-02-26 15:38:50,609 demo.py[line:20] INFO 进入登录页面，输入手机号码
2020-02-26 15:39:01,646 demo.py[line:22] INFO success
2020-02-26 15:39:04,672 email.py[line:26] INFO 测试任务完成，编写邮件中...
2020-02-26 15:39:05,317 email.py[line:80] INFO 邮件发送失败！(526, b'Authentication failure[0]')
2020-02-26 15:51:55,108 run.py[line:29] INFO start run test case...
2020-02-26 15:52:28,913 demo.py[line:20] INFO 进入登录页面，输入手机号码
2020-02-26 15:52:39,812 demo.py[line:22] INFO success
2020-02-26 15:52:41,582 email.py[line:26] INFO 测试任务完成，编写邮件中...
2020-02-26 15:52:42,170 email.py[line:80] INFO 邮件发送失败！(526, b'Authentication failure[0]')
2020-02-26 15:58:52,993 run.py[line:29] INFO start run test case...
2020-02-26 15:59:24,787 demo.py[line:20] INFO 进入登录页面，输入手机号码
2020-02-26 15:59:35,736 demo.py[line:22] INFO success
2020-02-26 15:59:38,248 email.py[line:26] INFO 测试任务完成，编写邮件中...
2020-02-26 15:59:38,974 email.py[line:80] INFO 邮件发送失败！(526, b'Authentication failure[0]')
2020-02-26 16:02:37,229 run.py[line:29] INFO start run test case...
2020-02-26 16:03:22,824 demo.py[line:20] INFO 进入登录页面，输入手机号码
2020-02-26 16:03:33,858 demo.py[line:22] INFO success
2020-02-26 16:03:38,448 email.py[line:26] INFO 测试任务完成，编写邮件中...
2020-02-26 16:03:39,240 email.py[line:80] INFO 邮件发送失败！(526, b'Authentication failure[0]')
2020-02-26 16:05:29,046 run.py[line:29] INFO start run test case...
2020-02-26 16:06:14,004 demo.py[line:20] INFO 进入登录页面，输入手机号码
2020-02-26 16:06:25,044 demo.py[line:22] INFO success
2020-02-26 16:06:30,397 email.py[line:26] INFO 测试任务完成，编写邮件中...
2020-02-26 16:06:31,064 email.py[line:80] INFO 邮件发送失败！(526, b'Authentication failure[0]')
2020-02-26 16:18:38,047 run.py[line:29] INFO start run test case...
2020-02-26 16:19:27,163 demo.py[line:20] INFO 进入登录页面，输入手机号码
2020-02-26 16:19:38,126 demo.py[line:22] INFO success
2020-02-26 16:19:42,634 email.py[line:26] INFO 测试任务完成，编写邮件中...
2020-02-26 16:19:43,328 email.py[line:80] INFO 邮件发送失败！(526, b'Authentication failure[0]')
2020-02-26 16:24:27,445 run.py[line:29] INFO start run test case...
2020-02-26 16:25:05,961 demo.py[line:20] INFO 进入登录页面，输入手机号码
2020-02-26 16:25:17,052 demo.py[line:22] INFO success
2020-02-26 16:25:21,776 email.py[line:26] INFO 测试任务完成，编写邮件中...
2020-02-26 16:25:22,846 email.py[line:78] INFO 编写完成，邮件发送成功
2020-02-26 16:28:32,366 run.py[line:29] INFO start run test case...
2020-02-26 16:29:21,855 demo.py[line:20] INFO 进入登录页面，输入手机号码
2020-02-26 16:29:32,746 demo.py[line:22] INFO success
2020-02-26 16:29:35,178 email.py[line:26] INFO 测试任务完成，编写邮件中...
2020-02-26 16:29:38,430 email.py[line:78] INFO 编写完成，邮件发送成功
2020-02-26 16:59:03,336 run.py[line:29] INFO start run test case...
2020-02-26 16:59:39,057 demo.py[line:20] INFO 进入登录页面，输入手机号码
2020-02-26 16:59:50,165 demo.py[line:22] INFO success
2020-02-26 16:59:52,172 email.py[line:26] INFO 测试任务完成，编写邮件中...
2020-02-26 16:59:55,596 email.py[line:78] INFO 编写完成，邮件发送成功
2020-02-27 16:47:19,138 run.py[line:29] INFO start run test case...
2020-02-27 16:47:54,782 demo.py[line:19] INFO 进入登录页面，输入手机号码
2020-02-27 16:48:05,868 demo.py[line:22] INFO success
2020-02-27 16:48:16,081 BaseOperation.py[line:37] INFO 查找元素超时
2020-02-27 16:48:16,900 demo.py[line:26] ERROR failNone is not true
2020-02-27 16:48:19,118 email.py[line:26] INFO 测试任务完成，编写邮件中...
2020-02-27 16:48:22,593 email.py[line:78] INFO 编写完成，邮件发送成功
2020-02-27 16:54:59,390 run.py[line:29] INFO start run test case...
2020-02-27 16:55:33,104 demo.py[line:19] INFO 进入登录页面，输入手机号码
2020-02-27 16:55:44,019 demo.py[line:22] INFO success
2020-02-27 16:55:48,332 email.py[line:26] INFO 测试任务完成，编写邮件中...
2020-02-27 16:55:52,329 email.py[line:78] INFO 编写完成，邮件发送成功
2020-02-27 17:10:31,001 demo.py[line:19] INFO 进入登录页面，输入手机号码
2020-02-27 17:10:42,069 demo.py[line:23] INFO success
2020-03-04 16:20:55,700 run.py[line:29] INFO start run test case...
2020-03-04 16:21:33,869 demo.py[line:23] INFO success
2020-03-04 16:21:35,749 email.py[line:26] INFO 测试任务完成，编写邮件中...
2020-03-04 16:21:40,092 email.py[line:78] INFO 编写完成，邮件发送成功
2020-03-04 16:24:03,612 run.py[line:29] INFO start run test case...
2020-03-04 16:24:34,467 demo.py[line:24] INFO success
